<testsuite name="Mocha Tests" tests="21" failures="0" errors="0" skipped="0" timestamp="Sat, 31 Jul 2021 20:13:23 GMT" time="0.081">
<testcase classname="App :: handlers :: DecrementHandler  Call productService successfully" name="Returns updated product" time="0.003"/>
<testcase classname="App :: handlers :: DecrementHandler  Call productService with error" name="Returns updated product" time="0.002"/>
<testcase classname="App :: handlers :: IncrementHandler  Call productService successfully" name="Returns updated product" time="0.001"/>
<testcase classname="App :: handlers :: IncrementHandler  Call productService with error" name="Returns updated product" time="0.001"/>
<testcase classname="App :: handlers :: ProductService  #incrementProduct #incrementProduct successfully update" name="call successfully" time="0.001"/>
<testcase classname="App :: handlers :: ProductService  #incrementProduct #incrementProduct error on update" name="call successfully" time="0"/>
<testcase classname="App :: handlers :: ProductService  #decrementProduct #decrementProduct successfully update" name="call successfully" time="0.001"/>
<testcase classname="App :: handlers :: ProductService  #decrementProduct #decrementProduct error on update" name="call successfully" time="0"/>
<testcase classname="domain :: enum :: EnumRoutingKey  #EnumRoutingKey" name="returns enum with correct values and keys" time="0"/>
<testcase classname="domain :: utils :: ExtractProductName  #fromAMQP" name="returns content without &#x22;&#x22;" time="0"/>
<testcase classname="domain :: utils :: ExtractProductName  #fromAMQP" name="returns content without **" time="0"/>
<testcase classname="Interfaces :: amqp :: AmqpClient  call connect successfully when client instance is created" name="have all params" time="0"/>
<testcase classname="Interfaces :: amqp :: AmqpClient  call connect successfully when client is connected" name="call connect from amqplib" time="0.002"/>
<testcase classname="Interfaces :: amqp :: AmqpClient  call connect is not successfully" name="call retryToConnect from amqpClient" time="0.002"/>
<testcase classname="Interfaces :: amqp :: AmqpClient  call start is called when client instance does not have connection" name="call connect" time="0"/>
<testcase classname="Interfaces :: amqp :: AmqpClient  call start is called when client instance have connection" name="call connect" time="0"/>
<testcase classname="Interfaces :: amqp :: AmqpClient  call retryToConnect is called when client instance does not have connection" name="call connect" time="0.001"/>
<testcase classname="Interfaces :: amqp :: AmqpController  Have all routing keys and call successfully" name="Returns correct function INCREMENT routing key" time="0.001"/>
<testcase classname="Interfaces :: amqp :: AmqpController  Have all routing keys and call successfully" name="Returns correct function DECREMENT routing key" time="0.001"/>
<testcase classname="Interfaces :: Http :: httpServer  #httpServer when Server is created" name="server has all params" time="0"/>
<testcase classname="Interfaces :: Http :: routerRegister  #routerRegister when routerRegister is called" name="returns router with routes" time="0.001"/>
</testsuite>
